<?xml version="1.0" encoding="UTF-8"?>
<!-- Generated by org.testng.reporters.JUnitXMLReporter -->
<testsuite ignored="0" hostname="THAMU" failures="0" tests="1" name="calculateEMI" time="1.237" errors="0" timestamp="2023-04-06T16:23:14 IST">
  <testcase classname="RealTimeProject1.BaseTest" name="@BeforeTest setup" time="1.118">
    <failure type="java.lang.NullPointerException" message="Cannot invoke &amp;quot;String.replaceAll(String, String)&amp;quot; because &amp;quot;x&amp;quot; is null">
      <![CDATA[java.lang.NullPointerException: Cannot invoke "String.replaceAll(String, String)" because "x" is null
at com.aventstack.extentreports.ExtentTest.lambda$assignAuthor$1(ExtentTest.java:1041)
at java.base/java.util.Spliterators$ArraySpliterator.forEachRemaining(Spliterators.java:992)
at java.base/java.util.stream.ReferencePipeline$Head.forEach(ReferencePipeline.java:762)
at com.aventstack.extentreports.ExtentTest.assignAuthor(ExtentTest.java:1040)
at RealTimeProject1.BaseTest.setup(BaseTest.java:71)
... Removed 24 stack frames]]>
    </failure>
  </testcase> <!-- @BeforeTest setup -->
  <testcase classname="RealTimeProject1.BaseTest" name="@AfterMethod CheckStatus" time="-1.680778393891E9">
    <skipped/>
  </testcase> <!-- @AfterMethod CheckStatus -->
  <testcase classname="RealTimeProject1.BaseTest" name="@AfterTest teardown" time="-1.680778393896E9">
    <skipped/>
  </testcase> <!-- @AfterTest teardown -->
  <testcase classname="RealTimeProject1.calculateEMIdemo" name="calculateEMI" time="0.0">
    <skipped/>
  </testcase> <!-- calculateEMI -->
</testsuite> <!-- calculateEMI -->
