<?xml version="1.0" encoding="UTF-8"?>
<!-- Generated by org.testng.reporters.JUnitXMLReporter -->
<testsuite ignored="4" hostname="THAMU" failures="0" tests="1" name="TestGoogle" time="26.064" errors="0" timestamp="2023-04-06T16:22:50 IST">
  <testcase classname="TestNG.ExtentReports.TestClass" name="TestGoogle" time="20.626"/>
  <testcase classname="TestNG.ExtentReports.TestClass" name="calculateEMI" time="0.0">
    <ignored/>
  </testcase> <!-- calculateEMI -->
  <testcase classname="TestNG.ExtentReports.TestClass" name="Facebooklogin" time="0.0">
    <ignored/>
  </testcase> <!-- Facebooklogin -->
  <testcase classname="TestNG.ExtentReports.TestClass" name="TestAmazon" time="0.0">
    <ignored/>
  </testcase> <!-- TestAmazon -->
  <testcase classname="TestNG.ExtentReports.TestClass" name="TestFacebook" time="0.0">
    <ignored/>
  </testcase> <!-- TestFacebook -->
</testsuite> <!-- TestGoogle -->
