<?xml version="1.0" encoding="UTF-8"?>
<testng-results ignored="0" total="2" passed="2" failed="0" skipped="0">
  <reporter-output>
  </reporter-output>
  <suite started-at="2023-06-06T11:43:43 IST" name="Default suite" finished-at="2023-06-06T11:43:52 IST" duration-ms="9848">
    <groups>
    </groups>
    <test started-at="2023-06-06T11:43:43 IST" name="Default test" finished-at="2023-06-06T11:43:52 IST" duration-ms="9848">
      <class name="RestAssuredAPI.getandpost">
        <test-method signature="GetTest()[pri:0, instance:RestAssuredAPI.getandpost@3e11f9e9]" started-at="2023-06-06T11:43:43 IST" name="GetTest" finished-at="2023-06-06T11:43:51 IST" duration-ms="8634" status="PASS">
          <reporter-output>
          </reporter-output>
        </test-method> <!-- GetTest -->
        <test-method signature="PostTest()[pri:0, instance:RestAssuredAPI.getandpost@3e11f9e9]" started-at="2023-06-06T11:43:51 IST" name="PostTest" finished-at="2023-06-06T11:43:52 IST" duration-ms="1149" status="PASS">
          <reporter-output>
          </reporter-output>
        </test-method> <!-- PostTest -->
      </class> <!-- RestAssuredAPI.getandpost -->
    </test> <!-- Default test -->
  </suite> <!-- Default suite -->
</testng-results>
